#
# A fatal error has been detected by the Java Runtime Environment:
#
#  EXCEPTION_ACCESS_VIOLATION (0xc0000005) at pc=0x0000000058d4e4a0, pid=6840, tid=5920
#
# JRE version: Java(TM) SE Runtime Environment (8.0_72-b15) (build 1.8.0_72-b15)
# Java VM: Java HotSpot(TM) 64-Bit Server VM (25.72-b15 mixed mode windows-amd64 compressed oops)
# Problematic frame:
# C  0x0000000058d4e4a0
#
# Failed to write core dump. Minidumps are not enabled by default on client versions of Windows
#
# If you would like to submit a bug report, please visit:
#   http://bugreport.java.com/bugreport/crash.jsp
#

---------------  T H R E A D  ---------------

Current thread (0x000000005546b800):  JavaThread "C2 CompilerThread1" daemon [_thread_in_native, id=5920, stack(0x0000000056730000,0x0000000056830000)]

siginfo: ExceptionCode=0xc0000005, ExceptionInformation=0x0000000000000008 0x0000000058d4e4a0

Registers:
RAX=0x0000000058d4cfd8, RBX=0x00000000584414b0, RCX=0x00000000582da180, RDX=0x00000000000006ea
RSP=0x000000005682c148, RBP=0xffffffffffffffff, RSI=0x00000000582da180, RDI=0x000000005d7ff800
R8 =0x0000000000000000, R9 =0x0000000000000000, R10=0x000000000000000d, R11=0x0000000000000000
R12=0x000000005682c560, R13=0x0000000000000000, R14=0x000000005c6f0000, R15=0x0000000000000001
RIP=0x0000000058d4e4a0, EFLAGS=0x0000000000010246

Top of Stack: (sp=0x000000005682c148)
0x000000005682c148:   000000005cb4fa7f 0000000058428d90
0x000000005682c158:   000000005ff8cd88 000000005d7ff800
0x000000005682c168:   000000005cec6a20 00000001000002ce
0x000000005682c178:   000000005d7ff800 0000000000000028
0x000000005682c188:   00000000000002ce 0000000000000000
0x000000005682c198:   0000000000000000 000000005682c270
0x000000005682c1a8:   00000000000003d8 0000000056e21958
0x000000005682c1b8:   0000000056e21580 000000005682c2f0
0x000000005682c1c8:   0000000000000000 000000005682c560
0x000000005682c1d8:   0000000056e21570 000000005682c670
0x000000005682c1e8:   000000005cb52a34 000000005682c560
0x000000005682c1f8:   000000005682c200 00000000ffffffff
0x000000005682c208:   0000000000000005 0000000000000002
0x000000005682c218:   0000000056e21570 0000000058410e40
0x000000005682c228:   0000000058442a20 0000000058442a20
0x000000005682c238:   0000000000079088 0000000000000002 

Instructions: (pc=0x0000000058d4e4a0)
0x0000000058d4e480:   b6 b6 00 2c b8 63 00 b6 b6 00 b6 b4 00 b7 a2 00
0x0000000058d4e490:   bf 2d b0 00 00 00 00 00 00 00 00 00 00 00 00 00
0x0000000058d4e4a0:   b0 e4 d4 58 00 00 00 00 00 00 00 00 00 00 00 00
0x0000000058d4e4b0:   b0 65 df 56 00 00 00 00 00 00 00 00 43 00 00 00 


Register to memory mapping:

RAX=0x0000000058d4cfd8 is an unknown value
RBX=0x00000000584414b0 is an unknown value
RCX=0x00000000582da180 is an unknown value
RDX=0x00000000000006ea is an unknown value
RSP=0x000000005682c148 is pointing into the stack for thread: 0x000000005546b800
RBP=0xffffffffffffffff is an unknown value
RSI=0x00000000582da180 is an unknown value
RDI=0x000000005d7ff800 is an unknown value
R8 =0x0000000000000000 is an unknown value
R9 =0x0000000000000000 is an unknown value
R10=0x000000000000000d is an unknown value
R11=0x0000000000000000 is an unknown value
R12=0x000000005682c560 is pointing into the stack for thread: 0x000000005546b800
R13=0x0000000000000000 is an unknown value
R14=0x000000005c6f0000 is an unknown value
R15=0x0000000000000001 is an unknown value


Stack: [0x0000000056730000,0x0000000056830000],  sp=0x000000005682c148,  free space=1008k
Native frames: (J=compiled Java code, j=interpreted, Vv=VM code, C=native code)
C  0x0000000058d4e4a0


Current CompileTask:
C2:7829268 12082       4       java.lang.Class::getDeclaredMethod (67 bytes)


---------------  P R O C E S S  ---------------

Java Threads: ( => current thread )
  0x000000005a967000 JavaThread "Stdin handler" [_thread_blocked, id=7184, stack(0x0000000063390000,0x0000000063490000)]
  0x000000005a964800 JavaThread "Daemon worker Thread 7" [_thread_in_native, id=4020, stack(0x0000000059710000,0x0000000059810000)]
  0x000000005a966000 JavaThread "Cancel handler" [_thread_blocked, id=4616, stack(0x00000000598a0000,0x00000000599a0000)]
  0x000000005a965800 JavaThread "Handler for socket connection from /127.0.0.1:14283 to /127.0.0.1:2175" [_thread_in_native, id=6344, stack(0x00000000590d0000,0x00000000591d0000)]
  0x000000005a964000 JavaThread "Daemon Thread 7" [_thread_blocked, id=3776, stack(0x0000000059600000,0x0000000059700000)]
  0x000000005a96c800 JavaThread "pool-2-thread-4" [_thread_blocked, id=5044, stack(0x0000000063240000,0x0000000063340000)]
  0x000000005a969000 JavaThread "pool-2-thread-3" [_thread_blocked, id=7816, stack(0x00000000630c0000,0x00000000631c0000)]
  0x000000005a96b800 JavaThread "pool-2-thread-2" [_thread_blocked, id=4108, stack(0x0000000058e80000,0x0000000058f80000)]
  0x000000005a968800 JavaThread "pool-2-thread-1" [_thread_blocked, id=5316, stack(0x0000000062f90000,0x0000000063090000)]
  0x000000005e93b800 JavaThread "File lock request listener" [_thread_in_native, id=1344, stack(0x000000005b310000,0x000000005b410000)]
  0x0000000058145800 JavaThread "Incoming local TCP Connector on port 14283" [_thread_in_native, id=7064, stack(0x0000000059220000,0x0000000059320000)]
  0x000000005546e800 JavaThread "Service Thread" daemon [_thread_blocked, id=3888, stack(0x0000000057240000,0x0000000057340000)]
  0x000000005546c800 JavaThread "C1 CompilerThread2" daemon [_thread_blocked, id=396, stack(0x0000000056cf0000,0x0000000056df0000)]
=>0x000000005546b800 JavaThread "C2 CompilerThread1" daemon [_thread_in_native, id=5920, stack(0x0000000056730000,0x0000000056830000)]
  0x0000000055469000 JavaThread "C2 CompilerThread0" daemon [_thread_in_native, id=6036, stack(0x0000000056b90000,0x0000000056c90000)]
  0x0000000055465000 JavaThread "Attach Listener" daemon [_thread_blocked, id=1212, stack(0x00000000569c0000,0x0000000056ac0000)]
  0x0000000055463800 JavaThread "Signal Dispatcher" daemon [_thread_blocked, id=2780, stack(0x0000000056840000,0x0000000056940000)]
  0x000000005544b000 JavaThread "Finalizer" daemon [_thread_blocked, id=6184, stack(0x0000000056290000,0x0000000056390000)]
  0x0000000055404000 JavaThread "Reference Handler" daemon [_thread_blocked, id=2772, stack(0x00000000565d0000,0x00000000566d0000)]
  0x000000000228f000 JavaThread "main" [_thread_blocked, id=6536, stack(0x0000000002530000,0x0000000002630000)]

Other Threads:
  0x00000000553fc800 VMThread [stack: 0x00000000563d0000,0x00000000564d0000] [id=5248]
  0x0000000056e5f800 WatcherThread [stack: 0x0000000057400000,0x0000000057500000] [id=6752]

VM state:not at safepoint (normal execution)

VM Mutex/Monitor currently owned by a thread: None

Heap:
 PSYoungGen      total 248832K, used 71934K [0x00000000eab00000, 0x00000000fae00000, 0x0000000100000000)
  eden space 233472K, 30% used [0x00000000eab00000,0x00000000ef13fa38,0x00000000f8f00000)
  from space 15360K, 0% used [0x00000000f9f00000,0x00000000f9f00000,0x00000000fae00000)
  to   space 15872K, 0% used [0x00000000f8f00000,0x00000000f8f00000,0x00000000f9e80000)
 ParOldGen       total 57344K, used 32755K [0x00000000c0000000, 0x00000000c3800000, 0x00000000eab00000)
  object space 57344K, 57% used [0x00000000c0000000,0x00000000c1ffcfc0,0x00000000c3800000)
 Metaspace       used 56734K, capacity 58524K, committed 58624K, reserved 1099776K
  class space    used 7494K, capacity 7854K, committed 7936K, reserved 1048576K

Card table byte_map: [0x0000000011cc0000,0x0000000011ed0000] byte_map_base: 0x00000000116c0000

Marking Bits: (ParMarkBitMap*) 0x000000005cf00600
 Begin Bits: [0x0000000012660000, 0x0000000013660000)
 End Bits:   [0x0000000013660000, 0x0000000014660000)

Polling page: 0x0000000000750000

CodeCache: size=245760Kb used=35298Kb max_used=36102Kb free=210461Kb
 bounds [0x0000000002900000, 0x0000000004c80000, 0x0000000011900000]
 total_blobs=10672 nmethods=9943 adapters=639
 compilation: enabled

Compilation events (10 events):
Event: 7828.008 Thread 0x000000005546c800 nmethod 12111 0x00000000030274d0 code [0x0000000003027720, 0x0000000003028488]
Event: 7828.008 Thread 0x000000005546c800 12112       3       com.google.common.base.Predicates::not (9 bytes)
Event: 7828.009 Thread 0x000000005546c800 nmethod 12112 0x0000000003861550 code [0x00000000038616e0, 0x0000000003861a88]
Event: 7828.009 Thread 0x000000005546c800 12113       1       com.android.build.gradle.BaseExtension::getDataBinding (5 bytes)
Event: 7828.009 Thread 0x000000005546c800 nmethod 12113 0x0000000003c18150 code [0x0000000003c182a0, 0x0000000003c183b0]
Event: 7828.009 Thread 0x000000005546c800 12114       1       com.android.build.gradle.internal.dsl.DataBindingOptions::isEnabled (5 bytes)
Event: 7828.009 Thread 0x000000005546c800 nmethod 12114 0x0000000003e1cb10 code [0x0000000003e1cc60, 0x0000000003e1cd70]
Event: 7828.011 Thread 0x000000005546c800 12115       3       org.gradle.api.internal.project.DefaultProject_Decorated::getProperty (11 bytes)
Event: 7828.012 Thread 0x000000005546c800 nmethod 12115 0x0000000004642cd0 code [0x0000000004642e40, 0x00000000046430e8]
Event: 7828.012 Thread 0x000000005546c800 12116       3       org.gradle.api.internal.artifacts.ivyservice.resolutionstrategy.DefaultComponentSelectionRules::<init> (11 bytes)

GC Heap History (10 events):
Event: 2270.280 GC heap before
{Heap before GC invocations=21 (full 5):
 PSYoungGen      total 248320K, used 779K [0x00000000eab00000, 0x00000000fae00000, 0x0000000100000000)
  eden space 232960K, 0% used [0x00000000eab00000,0x00000000eab00000,0x00000000f8e80000)
  from space 15360K, 5% used [0x00000000f9e00000,0x00000000f9ec2c90,0x00000000fad00000)
  to   space 15872K, 0% used [0x00000000f8e80000,0x00000000f8e80000,0x00000000f9e00000)
 ParOldGen       total 57344K, used 34325K [0x00000000c0000000, 0x00000000c3800000, 0x00000000eab00000)
  object space 57344K, 59% used [0x00000000c0000000,0x00000000c21857a8,0x00000000c3800000)
 Metaspace       used 54096K, capacity 55310K, committed 55424K, reserved 1097728K
  class space    used 7257K, capacity 7525K, committed 7552K, reserved 1048576K
Event: 2270.807 GC heap after
Heap after GC invocations=21 (full 5):
 PSYoungGen      total 248320K, used 0K [0x00000000eab00000, 0x00000000fae00000, 0x0000000100000000)
  eden space 232960K, 0% used [0x00000000eab00000,0x00000000eab00000,0x00000000f8e80000)
  from space 15360K, 0% used [0x00000000f9e00000,0x00000000f9e00000,0x00000000fad00000)
  to   space 15872K, 0% used [0x00000000f8e80000,0x00000000f8e80000,0x00000000f9e00000)
 ParOldGen       total 57344K, used 31777K [0x00000000c0000000, 0x00000000c3800000, 0x00000000eab00000)
  object space 57344K, 55% used [0x00000000c0000000,0x00000000c1f08790,0x00000000c3800000)
 Metaspace       used 54096K, capacity 55310K, committed 55424K, reserved 1097728K
  class space    used 7257K, capacity 7525K, committed 7552K, reserved 1048576K
}
Event: 3219.467 GC heap before
{Heap before GC invocations=22 (full 5):
 PSYoungGen      total 248320K, used 128606K [0x00000000eab00000, 0x00000000fae00000, 0x0000000100000000)
  eden space 232960K, 55% used [0x00000000eab00000,0x00000000f2897ad0,0x00000000f8e80000)
  from space 15360K, 0% used [0x00000000f9e00000,0x00000000f9e00000,0x00000000fad00000)
  to   space 15872K, 0% used [0x00000000f8e80000,0x00000000f8e80000,0x00000000f9e00000)
 ParOldGen       total 57344K, used 31777K [0x00000000c0000000, 0x00000000c3800000, 0x00000000eab00000)
  object space 57344K, 55% used [0x00000000c0000000,0x00000000c1f08790,0x00000000c3800000)
 Metaspace       used 54564K, capacity 56002K, committed 56320K, reserved 1097728K
  class space    used 7280K, capacity 7559K, committed 7680K, reserved 1048576K
Event: 3219.476 GC heap after
Heap after GC invocations=22 (full 5):
 PSYoungGen      total 248832K, used 1723K [0x00000000eab00000, 0x00000000faf00000, 0x0000000100000000)
  eden space 232960K, 0% used [0x00000000eab00000,0x00000000eab00000,0x00000000f8e80000)
  from space 15872K, 10% used [0x00000000f8e80000,0x00000000f902eca0,0x00000000f9e00000)
  to   space 16384K, 0% used [0x00000000f9f00000,0x00000000f9f00000,0x00000000faf00000)
 ParOldGen       total 57344K, used 31785K [0x00000000c0000000, 0x00000000c3800000, 0x00000000eab00000)
  object space 57344K, 55% used [0x00000000c0000000,0x00000000c1f0a790,0x00000000c3800000)
 Metaspace       used 54564K, capacity 56002K, committed 56320K, reserved 1097728K
  class space    used 7280K, capacity 7559K, committed 7680K, reserved 1048576K
}
Event: 3219.476 GC heap before
{Heap before GC invocations=23 (full 6):
 PSYoungGen      total 248832K, used 1723K [0x00000000eab00000, 0x00000000faf00000, 0x0000000100000000)
  eden space 232960K, 0% used [0x00000000eab00000,0x00000000eab00000,0x00000000f8e80000)
  from space 15872K, 10% used [0x00000000f8e80000,0x00000000f902eca0,0x00000000f9e00000)
  to   space 16384K, 0% used [0x00000000f9f00000,0x00000000f9f00000,0x00000000faf00000)
 ParOldGen       total 57344K, used 31785K [0x00000000c0000000, 0x00000000c3800000, 0x00000000eab00000)
  object space 57344K, 55% used [0x00000000c0000000,0x00000000c1f0a790,0x00000000c3800000)
 Metaspace       used 54564K, capacity 56002K, committed 56320K, reserved 1097728K
  class space    used 7280K, capacity 7559K, committed 7680K, reserved 1048576K
Event: 3219.840 GC heap after
Heap after GC invocations=23 (full 6):
 PSYoungGen      total 248832K, used 0K [0x00000000eab00000, 0x00000000faf00000, 0x0000000100000000)
  eden space 232960K, 0% used [0x00000000eab00000,0x00000000eab00000,0x00000000f8e80000)
  from space 15872K, 0% used [0x00000000f8e80000,0x00000000f8e80000,0x00000000f9e00000)
  to   space 16384K, 0% used [0x00000000f9f00000,0x00000000f9f00000,0x00000000faf00000)
 ParOldGen       total 57344K, used 30850K [0x00000000c0000000, 0x00000000c3800000, 0x00000000eab00000)
  object space 57344K, 53% used [0x00000000c0000000,0x00000000c1e20960,0x00000000c3800000)
 Metaspace       used 54538K, capacity 55960K, committed 56320K, reserved 1097728K
  class space    used 7276K, capacity 7552K, committed 7680K, reserved 1048576K
}
Event: 3738.437 GC heap before
{Heap before GC invocations=24 (full 6):
 PSYoungGen      total 248832K, used 207449K [0x00000000eab00000, 0x00000000faf00000, 0x0000000100000000)
  eden space 232960K, 89% used [0x00000000eab00000,0x00000000f7596458,0x00000000f8e80000)
  from space 15872K, 0% used [0x00000000f8e80000,0x00000000f8e80000,0x00000000f9e00000)
  to   space 16384K, 0% used [0x00000000f9f00000,0x00000000f9f00000,0x00000000faf00000)
 ParOldGen       total 57344K, used 30850K [0x00000000c0000000, 0x00000000c3800000, 0x00000000eab00000)
  object space 57344K, 53% used [0x00000000c0000000,0x00000000c1e20960,0x00000000c3800000)
 Metaspace       used 56649K, capacity 58436K, committed 58624K, reserved 1099776K
  class space    used 7487K, capacity 7846K, committed 7936K, reserved 1048576K
Event: 3738.505 GC heap after
Heap after GC invocations=24 (full 6):
 PSYoungGen      total 248832K, used 3715K [0x00000000eab00000, 0x00000000fae00000, 0x0000000100000000)
  eden space 233472K, 0% used [0x00000000eab00000,0x00000000eab00000,0x00000000f8f00000)
  from space 15360K, 24% used [0x00000000f9f00000,0x00000000fa2a0cd8,0x00000000fae00000)
  to   space 15872K, 0% used [0x00000000f8f00000,0x00000000f8f00000,0x00000000f9e80000)
 ParOldGen       total 57344K, used 30858K [0x00000000c0000000, 0x00000000c3800000, 0x00000000eab00000)
  object space 57344K, 53% used [0x00000000c0000000,0x00000000c1e22960,0x00000000c3800000)
 Metaspace       used 56649K, capacity 58436K, committed 58624K, reserved 1099776K
  class space    used 7487K, capacity 7846K, committed 7936K, reserved 1048576K
}
Event: 3738.505 GC heap before
{Heap before GC invocations=25 (full 7):
 PSYoungGen      total 248832K, used 3715K [0x00000000eab00000, 0x00000000fae00000, 0x0000000100000000)
  eden space 233472K, 0% used [0x00000000eab00000,0x00000000eab00000,0x00000000f8f00000)
  from space 15360K, 24% used [0x00000000f9f00000,0x00000000fa2a0cd8,0x00000000fae00000)
  to   space 15872K, 0% used [0x00000000f8f00000,0x00000000f8f00000,0x00000000f9e80000)
 ParOldGen       total 57344K, used 30858K [0x00000000c0000000, 0x00000000c3800000, 0x00000000eab00000)
  object space 57344K, 53% used [0x00000000c0000000,0x00000000c1e22960,0x00000000c3800000)
 Metaspace       used 56649K, capacity 58436K, committed 58624K, reserved 1099776K
  class space    used 7487K, capacity 7846K, committed 7936K, reserved 1048576K
Event: 3738.958 GC heap after
Heap after GC invocations=25 (full 7):
 PSYoungGen      total 248832K, used 0K [0x00000000eab00000, 0x00000000fae00000, 0x0000000100000000)
  eden space 233472K, 0% used [0x00000000eab00000,0x00000000eab00000,0x00000000f8f00000)
  from space 15360K, 0% used [0x00000000f9f00000,0x00000000f9f00000,0x00000000fae00000)
  to   space 15872K, 0% used [0x00000000f8f00000,0x00000000f8f00000,0x00000000f9e80000)
 ParOldGen       total 57344K, used 32755K [0x00000000c0000000, 0x00000000c3800000, 0x00000000eab00000)
  object space 57344K, 57% used [0x00000000c0000000,0x00000000c1ffcfc0,0x00000000c3800000)
 Metaspace       used 56649K, capacity 58436K, committed 58624K, reserved 1099776K
  class space    used 7487K, capacity 7846K, committed 7936K, reserved 1048576K
}

Deoptimization events (10 events):
Event: 3725.150 Thread 0x000000005a965800 Uncommon trap: reason=unstable_if action=reinterpret pc=0x00000000044e45f4 method=org.objectweb.asm.ClassReader.a(Lorg/objectweb/asm/MethodVisitor;Lorg/objectweb/asm/Context;I)V @ 458
Event: 3725.185 Thread 0x000000005a965800 Uncommon trap: reason=unstable_if action=reinterpret pc=0x00000000046a9844 method=org.objectweb.asm.Frame.c(I)V @ 5
Event: 3725.343 Thread 0x000000005a965800 Uncommon trap: reason=range_check action=make_not_entrant pc=0x00000000044b55a8 method=org.objectweb.asm.Type.a([CI)Lorg/objectweb/asm/Type; @ 162
Event: 3736.463 Thread 0x000000005a965800 Uncommon trap: reason=unstable_if action=reinterpret pc=0x00000000037f51f0 method=sun.security.provider.DigestBase.engineUpdate(B)V @ 4
Event: 3737.327 Thread 0x000000005a965800 Uncommon trap: reason=unstable_if action=reinterpret pc=0x00000000037f6780 method=sun.security.provider.DigestBase.engineUpdate(B)V @ 4
Event: 7826.721 Thread 0x000000005a964800 Uncommon trap: reason=null_check action=make_not_entrant pc=0x00000000037c4a0c method=org.gradle.api.internal.collections.CollectionFilter.filter(Ljava/lang/Object;)Ljava/lang/Object; @ 5
Event: 7827.816 Thread 0x000000005a964800 Uncommon trap: reason=class_check action=maybe_recompile pc=0x0000000002f90fdc method=java.util.Collections$UnmodifiableMap$UnmodifiableEntrySet$UnmodifiableEntry.<init>(Ljava/util/Map$Entry;)V @ 9
Event: 7827.816 Thread 0x000000005a964800 Uncommon trap: reason=class_check action=maybe_recompile pc=0x0000000002f90fdc method=java.util.Collections$UnmodifiableMap$UnmodifiableEntrySet$UnmodifiableEntry.<init>(Ljava/util/Map$Entry;)V @ 9
Event: 7827.816 Thread 0x000000005a964800 Uncommon trap: reason=class_check action=maybe_recompile pc=0x0000000002f90fdc method=java.util.Collections$UnmodifiableMap$UnmodifiableEntrySet$UnmodifiableEntry.<init>(Ljava/util/Map$Entry;)V @ 9
Event: 7827.816 Thread 0x000000005a964800 Uncommon trap: reason=class_check action=maybe_recompile pc=0x0000000002f90fdc method=java.util.Collections$UnmodifiableMap$UnmodifiableEntrySet$UnmodifiableEntry.<init>(Ljava/util/Map$Entry;)V @ 9

Internal exceptions (10 events):
Event: 3706.854 Thread 0x000000005a965800 Implicit null exception at 0x0000000003b573f8 to 0x0000000003b5f7c1
Event: 3708.337 Thread 0x000000005a965800 Implicit null exception at 0x000000000340f2cc to 0x0000000003410739
Event: 3709.553 Thread 0x000000005a965800 Implicit null exception at 0x000000000489a3d7 to 0x000000000489a513
Event: 3722.215 Thread 0x000000005a965800 Implicit null exception at 0x0000000003ddd308 to 0x0000000003ddd33e
Event: 3736.463 Thread 0x000000005a965800 Implicit null exception at 0x00000000037f4d0a to 0x00000000037f51d9
Event: 3737.327 Thread 0x000000005a965800 Implicit null exception at 0x00000000037f5a9d to 0x00000000037f6765
Event: 3738.382 Thread 0x000000005a965800 Exception <a 'java/io/FileNotFoundException'> (0x00000000f74da9a8) thrown at [C:\re\workspace\8-2-build-windows-amd64-cygwin\jdk8u72\5732\hotspot\src\share\vm\prims\jni.cpp, line 709]
Event: 7822.807 Thread 0x000000005a964800 Exception <a 'java/lang/ClassNotFoundException': asLocalRepo12_dgrhk8ddvmg0p5fkwuxcmf5khBeanInfo> (0x00000000eaf88ed8) thrown at [C:\re\workspace\8-2-build-windows-amd64-cygwin\jdk8u72\5732\hotspot\src\share\vm\classfile\systemDictionary.cpp, line 210]
Event: 7822.825 Thread 0x000000005a964800 Exception <a 'java/lang/ClassNotFoundException': asLocalRepo12_dgrhk8ddvmg0p5fkwuxcmf5khCustomizer> (0x00000000eaf92350) thrown at [C:\re\workspace\8-2-build-windows-amd64-cygwin\jdk8u72\5732\hotspot\src\share\vm\classfile\systemDictionary.cpp, line 210]
Event: 7826.721 Thread 0x000000005a964800 Implicit null exception at 0x00000000037c48cf to 0x00000000037c49f9

Events (10 events):
Event: 7827.934 Thread 0x000000005546c800 flushing nmethod 0x0000000003e75fd0
Event: 7827.935 Thread 0x000000005546c800 flushing nmethod 0x0000000003ec0890
Event: 7827.935 Thread 0x000000005546c800 flushing nmethod 0x0000000003f0f190
Event: 7827.941 Thread 0x000000005546c800 flushing nmethod 0x00000000046026d0
Event: 7827.941 Thread 0x000000005546c800 flushing nmethod 0x0000000004640d50
Event: 7827.941 Thread 0x000000005546c800 flushing nmethod 0x0000000004642cd0
Event: 7827.992 Thread 0x000000005546c800 flushing nmethod 0x000000000494fd10
Event: 7827.993 Thread 0x000000005546c800 flushing nmethod 0x00000000049720d0
Event: 7828.004 Thread 0x000000005546c800 flushing nmethod 0x000000000498b750
Event: 7828.005 Thread 0x000000005546c800 flushing nmethod 0x00000000049cf1d0


Dynamic libraries:
0x000000013f9f0000 - 0x000000013fa27000 	C:\Program Files\Java\jdk1.8.0_72\bin\java.exe
0x0000000077a20000 - 0x0000000077bc9000 	C:\Windows\SYSTEM32\ntdll.dll
0x0000000077900000 - 0x0000000077a1f000 	C:\Windows\system32\kernel32.dll
0x000007fefd9e0000 - 0x000007fefda4b000 	C:\Windows\system32\KERNELBASE.dll
0x000007fefe690000 - 0x000007fefe76b000 	C:\Windows\system32\ADVAPI32.dll
0x000007feff6c0000 - 0x000007feff75f000 	C:\Windows\system32\msvcrt.dll
0x000007feff830000 - 0x000007feff84f000 	C:\Windows\SYSTEM32\sechost.dll
0x000007fefe220000 - 0x000007fefe34d000 	C:\Windows\system32\RPCRT4.dll
0x0000000077800000 - 0x00000000778fa000 	C:\Windows\system32\USER32.dll
0x000007fefdbf0000 - 0x000007fefdc57000 	C:\Windows\system32\GDI32.dll
0x000007feff580000 - 0x000007feff58e000 	C:\Windows\system32\LPK.dll
0x000007feff760000 - 0x000007feff829000 	C:\Windows\system32\USP10.dll
0x000007fefc1e0000 - 0x000007fefc3d4000 	C:\Windows\WinSxS\amd64_microsoft.windows.common-controls_6595b64144ccf1df_6.0.7601.17514_none_fa396087175ac9ac\COMCTL32.dll
0x000007feff640000 - 0x000007feff6b1000 	C:\Windows\system32\SHLWAPI.dll
0x000007feff5e0000 - 0x000007feff60e000 	C:\Windows\system32\IMM32.DLL
0x000007fefe350000 - 0x000007fefe459000 	C:\Windows\system32\MSCTF.dll
0x0000000055190000 - 0x0000000055262000 	C:\Program Files\Java\jdk1.8.0_72\jre\bin\msvcr100.dll
0x000000005c6f0000 - 0x000000005cf80000 	C:\Program Files\Java\jdk1.8.0_72\jre\bin\server\jvm.dll
0x000007fef0ab0000 - 0x000007fef0ab9000 	C:\Windows\system32\WSOCK32.dll
0x000007feff590000 - 0x000007feff5dd000 	C:\Windows\system32\WS2_32.dll
0x000007feff630000 - 0x000007feff638000 	C:\Windows\system32\NSI.dll
0x000007fefa630000 - 0x000007fefa66b000 	C:\Windows\system32\WINMM.dll
0x000007fefc8c0000 - 0x000007fefc8cc000 	C:\Windows\system32\VERSION.dll
0x0000000077bf0000 - 0x0000000077bf7000 	C:\Windows\system32\PSAPI.DLL
0x000000006e5d0000 - 0x000000006e5df000 	C:\Program Files\Java\jdk1.8.0_72\jre\bin\verify.dll
0x0000000067380000 - 0x00000000673a9000 	C:\Program Files\Java\jdk1.8.0_72\jre\bin\java.dll
0x0000000067360000 - 0x0000000067376000 	C:\Program Files\Java\jdk1.8.0_72\jre\bin\zip.dll
0x000007fefe7f0000 - 0x000007feff578000 	C:\Windows\system32\SHELL32.dll
0x000007feffb20000 - 0x000007feffd23000 	C:\Windows\system32\ole32.dll
0x000007fefd7d0000 - 0x000007fefd7df000 	C:\Windows\system32\profapi.dll
0x0000000067340000 - 0x000000006735a000 	C:\Program Files\Java\jdk1.8.0_72\jre\bin\net.dll
0x000007fefcf70000 - 0x000007fefcfc5000 	C:\Windows\system32\mswsock.dll
0x000007fefcf60000 - 0x000007fefcf67000 	C:\Windows\System32\wship6.dll
0x0000000067320000 - 0x0000000067331000 	C:\Program Files\Java\jdk1.8.0_72\jre\bin\nio.dll
0x000007fefc1b0000 - 0x000007fefc1c2000 	C:\Users\admin\.gradle\native\19\windows-amd64\native-platform.dll
0x000007fefab00000 - 0x000007fefab27000 	C:\Windows\system32\IPHLPAPI.DLL
0x000007fefaaf0000 - 0x000007fefaafb000 	C:\Windows\system32\WINNSI.DLL
0x000007fefa940000 - 0x000007fefa951000 	C:\Windows\system32\dhcpcsvc6.DLL
0x000007fefa920000 - 0x000007fefa938000 	C:\Windows\system32\dhcpcsvc.DLL
0x000007fefcfd0000 - 0x000007fefcfe7000 	C:\Windows\system32\CRYPTSP.dll
0x000007fefccd0000 - 0x000007fefcd17000 	C:\Windows\system32\rsaenh.dll
0x000007fefdb10000 - 0x000007fefdb2e000 	C:\Windows\system32\USERENV.dll
0x000007fefd630000 - 0x000007fefd63f000 	C:\Windows\system32\CRYPTBASE.dll
0x000007fefd5d0000 - 0x000007fefd627000 	C:\Windows\system32\apphelp.dll
0x0000000069110000 - 0x000000006911d000 	C:\Program Files\Java\jdk1.8.0_72\jre\bin\management.dll
0x000007fef05f0000 - 0x000007fef0715000 	C:\Windows\system32\dbghelp.dll

VM Arguments:
jvm_args: -XX:MaxPermSize=256m -XX:+HeapDumpOnOutOfMemoryError -Xmx1024m -Dfile.encoding=windows-1251 -Duser.country=RU -Duser.language=ru -Duser.variant 
java_command: org.gradle.launcher.daemon.bootstrap.GradleDaemon 2.10
java_class_path (initial): C:\Program Files\Android\Android Studio\gradle\gradle-2.10\lib\gradle-launcher-2.10.jar
Launcher Type: SUN_STANDARD

Environment Variables:
PATH=C:\ProgramData\Oracle\Java\javapath;C:\Program Files (x86)\AMD APP\bin\x86_64;C:\Program Files (x86)\AMD APP\bin\x86;C:\Windows\system32;C:\Windows;C:\Windows\System32\Wbem;C:\Windows\System32\WindowsPowerShell\v1.0\;C:\Program Files (x86)\ATI Technologies\ATI.ACE\Core-Static;C:\Program Files (x86)\Windows Kits\8.1\Windows Performance Toolkit\;C:\Program Files\Microsoft SQL Server\110\Tools\Binn\;C:\Program Files (x86)\Skype\Phone\;C:\Program Files (x86)\Microsoft SDKs\TypeScript\1.0\;C:\Program Files\Microsoft SQL Server\120\Tools\Binn\;C:\Program Files (x86)\Heroku\bin;C:\Program Files (x86)\git\cmd;C:\Program Files\Git\cmd;C:\Program Files\nodejs\;C:\Program Files (x86)\IMSI\FloorPlan 3D v11\Program;C:\Users\admin\AppData\Roaming\npm
USERNAME=admin
OS=Windows_NT
PROCESSOR_IDENTIFIER=Intel64 Family 6 Model 42 Stepping 7, GenuineIntel



---------------  S Y S T E M  ---------------

OS: Windows 7 , 64 bit Build 7601 (6.1.7601.18015)

CPU:total 4 (2 cores per cpu, 2 threads per core) family 6 model 42 stepping 7, cmov, cx8, fxsr, mmx, sse, sse2, sse3, ssse3, sse4.1, sse4.2, popcnt, avx, clmul, ht, tsc, tscinvbit

Memory: 4k page, physical 4127084k(853728k free), swap 8252304k(2886924k free)

vm_info: Java HotSpot(TM) 64-Bit Server VM (25.72-b15) for windows-amd64 JRE (1.8.0_72-b15), built on Dec 22 2015 19:16:16 by "java_re" with MS VC++ 10.0 (VS2010)

time: Wed Jul 06 12:41:42 2016
elapsed time: 7829 seconds (0d 2h 10m 29s)

